<?xml version="1.0" encoding="UTF-8"?>
<testng-results skipped="0" failed="0" total="1" passed="1">
  <reporter-output>
  </reporter-output>
  <suite name="Default suite" duration-ms="9919" started-at="2015-06-04T10:04:31Z" finished-at="2015-06-04T10:04:41Z">
    <groups>
    </groups>
    <test name="Default test" duration-ms="9919" started-at="2015-06-04T10:04:31Z" finished-at="2015-06-04T10:04:41Z">
      <class name="NewWebTest.OpenUrl">
        <test-method status="PASS" signature="openUrl()[pri:0, instance:NewWebTest.OpenUrl@35851384]" name="openUrl" duration-ms="9897" started-at="2015-06-04T18:04:31Z" finished-at="2015-06-04T18:04:41Z">
          <reporter-output>
          </reporter-output>
        </test-method> <!-- openUrl -->
      </class> <!-- NewWebTest.OpenUrl -->
    </test> <!-- Default test -->
  </suite> <!-- Default suite -->
</testng-results>
